9340:
3.8
3.4
3.5
3.6
3.2
3.4
3.6
3.7
3.5
3.5
3.7
3.9
3.9
3.8
3.5
3.7
3.8
4.0
3.9
3.5
3.9
3.4
3.3
3.1
3.6
3.5
3.9
2.9
3.2
3.4
3.6
3.9
3.3
3.1
3.5
3.9
3.7
3.4
3.3
3.5
3.8
3.7
3.6
3.5
3.2
3.3
4.0
3.7
3.5
3.0
3.9
3.3
3.7
3.4
3.4
3.5
3.8
4.0
3.7
3.6
3.5
3.6
3.8
3.6
3.4
3.3
4.0
4.1
3.4
3.5
3.4
3.5
3.4
3.8
3.9
3.5
3.9
3.4
3.6
3.2
3.5
3.5
4.0
3.6
3.5
3.4
3.5
3.5
3.4
3.6
3.4
3.2
2.8
3.6
3.5
3.5
3.7
3.7
3.6
3.6
3.6
3.4
3.5
3.4
3.7
3.3
3.8
3.6
3.3
3.3
3.7
3.8
3.2
3.9
3.5
3.5
3.4
3.5
3.7
3.7
3.5
3.7
3.2
3.3
4.2
3.9
3.5
4.0
3.6
3.4
3.8
3.6
3.5
3.6
4.0
4.2
3.5
3.5
3.9
3.3
3.5
3.4
3.4
3.5
3.6
3.2
3.4
3.9
2.7
3.2
4.0
3.6
3.5
3.3
3.4
3.6
9341:
2.6
9342:
3.3
3.4
3.3
3.7
3.7
3.7
3.0
9343:
3.3
3.2
2.8
3.0
9344:
3.6
2.8
9345:
3.7
3.9
3.6
3.8
3.4
3.3
3.9
3.5
3.8
3.4
3.5
3.9
9346:
3.5
9347:
3.7
3.9
3.7
3.8
3.7
3.7
3.7
3.9
4.3
3.9
3.5
3.4
3.8
3.3
4.1
3.5
3.7
3.7
2770:
3.8
4.0
3.4
3.1
3.8
3.7
3.4
3.7
3.6
3.3
2771:
3.5
9364:
3.4
3.1
3.0
3.4
3.7
3.3
2.9
3.5
3.3
3.4
3.0
2.8
3.2
3.5
3.5
3.7
3.0
2.9
3.5
3.7
3.2
3.0
2.5
3.1
3.2
3.1
3.1
3.4
3.3
2.9
3.3
3.6
3.3
3.1
3.1
3.6
3.7
3.6
3.3
3.2
3.4
3.2
3.1
3.3
2.8
3.4
3.5
3.4
3.5
3.1
2.9
3.3
3.0
3.5
3.3
3.1
3.0
3.0
3.1
3.5
3.2
3.1
3.0
3.3
3.7
3.1
3.1
3.6
3.1
3.6
3.4
3.1
3.3
2.8
9362:
3.4
3.9
9351:
3.5
3.9
3.5
3.4
3.2
3.6
3.5
3.7
3.3
3.5
3.6
3.7
3.1
3.5
3.4
3.5
4.1
3.8
3.4
4.0
3.5
3.4
3.6
3.4
3.6
3.9
3.7
3.8
3.3
3.7
3.3
3.7
3.6
3.6
3.5
3.0
3.4
3.5
3.3
3.4
3.5
3.4
3.2
3.5
3.4
3.6
4.1
3.3
3.5
3.5
3.4
4.0
3.7
3.7
3.3
3.1
2.3
3.8
3.7
3.8
3.8
3.8
3.8
3.7
3.7
3.4
3.8
3.1
3.7
3.4
3.6
3.9
3.7
3.6
3.5
3.4
3.1
9360:
3.5
3.1
3.1
3.3
3.4
3.1
9361:
2.9
9350:
3.8
3.7
3.5
3.9
3.9
3.6
3.8
3.7
3.3
3.8
3.9
3.5
3.9
3.8
3.7
3.6
3.7
3.4
3.6
3.6
3.9
4.0
3.4
3.5
3.6
3.8
3.8
3.9
3.7
4.1
3.8
2.8
3.6
3.7
3.7
3.8
3.5
3.8
3.7
3.9
3.8
3.7
4.2
4.1
3.8
3.6
3.5
3.8
3.9
3.3
3.7
3.5
4.0
4.0
3.6
3.7
3.6
3.9
3.8
3.7
3.7
3.7
3.9
3.8
3.5
3.9
3.3
4.0
3.3
3.8
3.5
3.6
3.7
277:
3.6
3.8
3.8
3.3
3.4
1:
3.7
3.5
3.7
4.2
3.7
3.8
3.5
3.7
3.9
3.6
3.3
3.6
3.9
3.9
3.2
3.8
3.6
4.1
3.9
4.0
9348:
3.5
3.6
3.5
3.8
4.0
3.7
3.7
3.7
3.8
3.6
3.5
3.7
9349:
3.0
3.0
2.7
2.8
2.1
2.8
9378:
4.1
3.8
4.0
3.6
3.8
3.7
3.8
3.6
4.0
4.0
3.7
3.9
3.7
3.8
3.8
3.7
3.9
3.5
4.0
3.6
3.6
3.7
3.9
3.5
3.6
3.8
4.0
3.7
4.0
3.8
3.6
4.1
4.0
3.8
3.7
4.0
3.7
3.6
3.4
3.9
3.7
3.8
3.4
4.1
3.6
3.6
3.8
3.7
3.5
3.8
3.8
3.8
3.8
3.6
3.8
4.1
3.8
4.2
3.9
4.0
3.9
3.6
4.1
3.9
3.8
3.8
4.0
3.3
3.8
3.7
3.9
3.6
3.9
4.0
3.8
3.9
3.8
4.0
3.7
3.9
4.0
4.0
4.0
4.1
4.0
3.6
3.6
3.9
3.7
3.4
4.1
3.8
4.1
3.9
3.8
3.8
4.0
4.0
3.7
3.6
3.5
3.9
3.9
3.7
3.8
4.0
3.2
3.6
3.7
3.9
3.8
3.8
3.8
4.1
3.6
4.4
3.9
4.0
3.9
3.7
3.8
4.0
3.7
3.8
3.9
3.8
4.0
3.8
3.6
3.6
3.7
4.3
3.5
4.0
3.9
3.8
4.1
4.0
3.9
3.7
3.8
4.2
4.1
3.9
3.5
3.8
3.8
4.0
4.0
3.8
3.9
3.7
936:
3.2
3.4
3.3
935:
3.9
4.2
4.3
3.7
3.6
3.9
3.6
4.0
4.0
3.9
4.1
4.6
4.2
4.3
4.4
3.9
3.5
3.6
3.9
4.3
3.9
4.4
4.0
4.4
4.7
4.1
4.0
4.0
4.3
3.7
4.2
4.4
4.2
4.1
3.5
4.1
4.3
4.6
3.9
3.6
4.2
4.0
4.4
4.2
4.1
4.4
3.9
4.0
4.0
3.9
3.9
4.5
3.8
4.1
4.0
4.2
4.5
3.9
4.5
4.2
3.3
934:
3.6
3.8
3.6
3.6
3.7
3.4
3.6
3.8
3.7
3.3
4.0
3.6
3.4
3.1
3.4
3.4
3.8
9353:
3.0
3.3
3.5
3.2
9352:
2.8
3.1
3.1
3.1
3.2
3.1
3.0
3.0
2.9
2.9
3.0
3.0
3.3
3.2
2.9
2.8
3.0
3.4
3.5
3.5
2.8
3.0
3.0
2.6
3.0
2.8
3.1
3.0
2.9
3.0
2.8
3.1
2769:
3.7
4.1
4.4
3.5
3.8
3.2
3.6
3.6
3.8
4.1
3.7
3.8
3.4
3.7
3.6
4.2
3.6
3.6
3.8
4.1
3.6
3.6
3.7
4.0
3.6
3.6
3.6
3.6
4.2
3.6
3.4
3.7
3.8
3.8
3.8
4.0
2768:
3.4
3.5
3.7
3.4
3.3
3.3
3.7
3.4
3.4
3.5
3.3
3.4
3.2
3.2
3.7
3.1
3.5
3.5
3.5
3.4
3.8
3.3
3.5
3.1
3.5
3.7
3.4
3.5
3.2
3.2
3.4
3.6
3.7
3.6
3.5
3.3
3.2
3.7
3.5
3.3
3.6
3.3
3.6
3.5
3.2
3.2
3.4
3.6
3.3
3.7
3.1
3.6
3.7
3.2
3.3
3.5
3.1
3.5
3.5
3.3
9355:
3.5
3.6
3.6
3.4
4.0
3.4
3.6
3.8
3.8
3.6
3.7
3.8
3.7
3.3
3.8
3.7
3.5
3.1
3.5
3.3
3.3
3.4
3.5
3.3
3.5
3.5
3.7
3.6
3.6
3.7
3.6
3.6
3.6
4.0
3.4
3.5
3.9
4.0
3.3
3.4
3.6
3.7
3.4
3.7
3.4
3.5
3.7
3.3
3.8
3.7
3.8
3.6
3.6
3.7
3.3
3.8
9354:
3.5
3.6
3.6
3.5
3.3
3.6
3.7
3.8
3.8
3.4
4.0
3.6
3.8
3.6
3.8
3.4
9375:
2.9
9359:
3.7
3.7
3.9
3.3
3.8
3.6
3.7
4.1
3.9
3.9
3.4
3.6
3.5
3.8
3.8
3.6
3.8
3.8
3.8
3.5
4.0
4.0
3.4
3.7
3.7
3.5
3.7
3.2
4.0
4.0
4.0
3.6
3.8
3.5
4.1
3.6
3.8
3.3
3.6
9339:
2.7
3.0
9377:
3.3
3.6
4.3
3.4
4.0
3.6
3.6
3.9
3.7
3.8
3.6
9363:
3.1
4.2
3.9
3.4
3.6
3.9
4.2
3.7
3.9
9376:
3.8
3.2
3.4
3.5
9379:
3.7
3.9
RMSE: 0.9790
